ERROR:    [Errno 98] error while attempting to bind on address ('0.0.0.0', 8080): address already in use
unhandled exception during asyncio.run() shutdown
task: <Task finished name='Task-1' coro=<run_async() done, defined at /home/staff/project/flet_web/venv/lib/python3.12/site-packages/flet/app.py:142> exception=AttributeError("'Server' object has no attribute 'servers'")>
Traceback (most recent call last):
  File "/home/staff/project/flet_web/venv/lib/python3.12/site-packages/uvicorn/server.py", line 172, in startup
    server = await loop.create_server(
             ^^^^^^^^^^^^^^^^^^^^^^^^^
  File "/usr/lib/python3.12/asyncio/base_events.py", line 1572, in create_server
    raise OSError(err.errno, msg) from None
OSError: [Errno 98] error while attempting to bind on address ('0.0.0.0', 8080): address already in use

During handling of the above exception, another exception occurred:

Traceback (most recent call last):
  File "/usr/lib/python3.12/asyncio/runners.py", line 194, in run
    return runner.run(main)
           ^^^^^^^^^^^^^^^^
  File "/usr/lib/python3.12/asyncio/runners.py", line 118, in run
    return self._loop.run_until_complete(task)
           ^^^^^^^^^^^^^^^^^^^^^^^^^^^^^^^^^^^
  File "/usr/lib/python3.12/asyncio/base_events.py", line 674, in run_until_complete
    self.run_forever()
  File "/usr/lib/python3.12/asyncio/base_events.py", line 641, in run_forever
    self._run_once()
  File "/usr/lib/python3.12/asyncio/base_events.py", line 1987, in _run_once
    handle._run()
  File "/usr/lib/python3.12/asyncio/events.py", line 88, in _run
    self._context.run(self._callback, *self._args)
  File "/home/staff/project/flet_web/venv/lib/python3.12/site-packages/uvicorn/server.py", line 79, in serve
    await self._serve(sockets)
  File "/home/staff/project/flet_web/venv/lib/python3.12/site-packages/uvicorn/server.py", line 94, in _serve
    await self.startup(sockets=sockets)
  File "/home/staff/project/flet_web/venv/lib/python3.12/site-packages/uvicorn/server.py", line 182, in startup
    sys.exit(1)
SystemExit: 1

During handling of the above exception, another exception occurred:

Traceback (most recent call last):
  File "/home/staff/project/flet_web/venv/lib/python3.12/site-packages/flet/app.py", line 310, in run_async
    await terminate.wait()
  File "/usr/lib/python3.12/asyncio/locks.py", line 212, in wait
    await fut
asyncio.exceptions.CancelledError

During handling of the above exception, another exception occurred:

Traceback (most recent call last):
  File "/home/staff/project/flet_web/venv/lib/python3.12/site-packages/flet/app.py", line 313, in run_async
    await conn.close()
  File "/home/staff/project/flet_web/venv/lib/python3.12/site-packages/flet_web/fastapi/serve_fastapi_web_app.py", line 33, in close
    await self.server.shutdown()
  File "/home/staff/project/flet_web/venv/lib/python3.12/site-packages/uvicorn/server.py", line 275, in shutdown
    for server in self.servers:
                  ^^^^^^^^^^^^
AttributeError: 'Server' object has no attribute 'servers'. Did you mean: 'serve'?
Task exception was never retrieved
future: <Task finished name='Task-2' coro=<Server.serve() done, defined at /home/staff/project/flet_web/venv/lib/python3.12/site-packages/uvicorn/server.py:77> exception=SystemExit(1)>
Traceback (most recent call last):
  File "/home/staff/project/flet_web/venv/lib/python3.12/site-packages/uvicorn/server.py", line 172, in startup
    server = await loop.create_server(
             ^^^^^^^^^^^^^^^^^^^^^^^^^
  File "/usr/lib/python3.12/asyncio/base_events.py", line 1572, in create_server
    raise OSError(err.errno, msg) from None
OSError: [Errno 98] error while attempting to bind on address ('0.0.0.0', 8080): address already in use

During handling of the above exception, another exception occurred:

Traceback (most recent call last):
  File "/home/staff/project/flet_web/main.py", line 27, in <module>
    ft.run(
  File "/home/staff/project/flet_web/venv/lib/python3.12/site-packages/flet/app.py", line 125, in run
    return asyncio.run(
           ^^^^^^^^^^^^
  File "/usr/lib/python3.12/asyncio/runners.py", line 194, in run
    return runner.run(main)
           ^^^^^^^^^^^^^^^^
  File "/usr/lib/python3.12/asyncio/runners.py", line 118, in run
    return self._loop.run_until_complete(task)
           ^^^^^^^^^^^^^^^^^^^^^^^^^^^^^^^^^^^
  File "/usr/lib/python3.12/asyncio/base_events.py", line 674, in run_until_complete
    self.run_forever()
  File "/usr/lib/python3.12/asyncio/base_events.py", line 641, in run_forever
    self._run_once()
  File "/usr/lib/python3.12/asyncio/base_events.py", line 1987, in _run_once
    handle._run()
  File "/usr/lib/python3.12/asyncio/events.py", line 88, in _run
    self._context.run(self._callback, *self._args)
  File "/home/staff/project/flet_web/venv/lib/python3.12/site-packages/uvicorn/server.py", line 79, in serve
    await self._serve(sockets)
  File "/home/staff/project/flet_web/venv/lib/python3.12/site-packages/uvicorn/server.py", line 94, in _serve
    await self.startup(sockets=sockets)
  File "/home/staff/project/flet_web/venv/lib/python3.12/site-packages/uvicorn/server.py", line 182, in startup
    sys.exit(1)
SystemExit: 1
